<?xml version="1.0" encoding="UTF-8"?>
<!-- Generated by org.testng.reporters.JUnitReportReporter -->
<testsuite hostname="LAPTOP-3KPCD8VB" failures="0" tests="1" name="testCases.TC_002_VerifySignout" time="29.228" errors="0" timestamp="2022-12-15T00:30:21 IST" skipped="0">
  <testcase classname="testCases.TC_002_VerifySignout" name="test_login" time="29.228"/>
  <system-out/>
</testsuite> <!-- testCases.TC_002_VerifySignout -->
