<?xml version="1.0" encoding="UTF-8"?>
<!-- Generated by org.testng.reporters.JUnitReportReporter -->
<testsuite hostname="LAPTOP-3KPCD8VB" failures="0" tests="1" name="testCases.TC_001_AccountRegistrationTest" time="92.219" errors="0" timestamp="2022-12-15T00:26:44 IST" skipped="0">
  <testcase classname="testCases.TC_001_AccountRegistrationTest" name="test_account_Registration" time="92.219"/>
  <system-out/>
</testsuite> <!-- testCases.TC_001_AccountRegistrationTest -->
