<?xml version="1.0" encoding="UTF-8"?>
<!-- Generated by org.testng.reporters.JUnitReportReporter -->
<testsuite hostname="LAPTOP-3KPCD8VB" failures="0" tests="1" name="testCases.TC_002_VerifySignout" time="30.791" errors="0" timestamp="2022-12-16T00:36:47 IST" skipped="0">
  <testcase classname="testCases.TC_002_VerifySignout" name="test_login" time="30.791"/>
  <system-out/>
</testsuite> <!-- testCases.TC_002_VerifySignout -->
